2025-06-15 00-32-01 error: uncaughtException: Environment Variable is not set for Database
ConfigError: Environment Variable is not set for Database
    at file:///F:/MERNT_Commerce/API/dist/DB.js:21:11
    at ModuleJob.run (node:internal/modules/esm/module_job:222:25)
    at async ModuleLoader.import (node:internal/modules/esm/loader:316:24)
    at async asyncRunEntryPointWithESMLoader (node:internal/modules/run_main:123:5)
ConfigError: Environment Variable is not set for Database
    at file:///F:/MERNT_Commerce/API/dist/DB.js:21:11
    at ModuleJob.run (node:internal/modules/esm/module_job:222:25)
    at async ModuleLoader.import (node:internal/modules/esm/loader:316:24)
    at async asyncRunEntryPointWithESMLoader (node:internal/modules/run_main:123:5)
2025-06-15 00-32-28 error: uncaughtException: Environment Variable is not set for Database
ConfigError: Environment Variable is not set for Database
    at file:///F:/MERNT_Commerce/API/dist/DB.js:21:11
    at ModuleJob.run (node:internal/modules/esm/module_job:222:25)
    at async ModuleLoader.import (node:internal/modules/esm/loader:316:24)
    at async asyncRunEntryPointWithESMLoader (node:internal/modules/run_main:123:5)
ConfigError: Environment Variable is not set for Database
    at file:///F:/MERNT_Commerce/API/dist/DB.js:21:11
    at ModuleJob.run (node:internal/modules/esm/module_job:222:25)
    at async ModuleLoader.import (node:internal/modules/esm/loader:316:24)
    at async asyncRunEntryPointWithESMLoader (node:internal/modules/run_main:123:5)
2025-06-15 00-32-38 error: uncaughtException: Environment Variable is not set for Database
ConfigError: Environment Variable is not set for Database
    at file:///F:/MERNT_Commerce/API/dist/DB.js:21:11
    at ModuleJob.run (node:internal/modules/esm/module_job:222:25)
    at async ModuleLoader.import (node:internal/modules/esm/loader:316:24)
    at async asyncRunEntryPointWithESMLoader (node:internal/modules/run_main:123:5)
ConfigError: Environment Variable is not set for Database
    at file:///F:/MERNT_Commerce/API/dist/DB.js:21:11
    at ModuleJob.run (node:internal/modules/esm/module_job:222:25)
    at async ModuleLoader.import (node:internal/modules/esm/loader:316:24)
    at async asyncRunEntryPointWithESMLoader (node:internal/modules/run_main:123:5)
